#
# A fatal error has been detected by the Java Runtime Environment:
#
#  SIGSEGV (0xb) at pc=0x00007fee7ecb0180, pid=3589, tid=140661925775104
#
# JRE version: Java(TM) SE Runtime Environment (8.0_20-b26) (build 1.8.0_20-b26)
# Java VM: Java HotSpot(TM) 64-Bit Server VM (25.20-b23 mixed mode linux-amd64 compressed oops)
# Problematic frame:
# C  0x00007fee7ecb0180
#
# Failed to write core dump. Core dumps have been disabled. To enable core dumping, try "ulimit -c unlimited" before starting Java again
#
# If you would like to submit a bug report, please visit:
#   http://bugreport.sun.com/bugreport/crash.jsp
# The crash happened outside the Java Virtual Machine in native code.
# See problematic frame for where to report the bug.
#

---------------  T H R E A D  ---------------

Current thread (0x00007fee5ca06000):  JavaThread "General ThreadPool-1" [_thread_in_native, id=3663, stack(0x00007fee680e8000,0x00007fee681e9000)]

siginfo: si_signo: 11 (SIGSEGV), si_code: 1 (SEGV_MAPERR), si_addr: 0x00007fee7ecb0180

Registers:
RAX=0x00007fee7f348a00, RBX=0x00007feec44d5478, RCX=0x00007feed80081b0, RDX=0x0000000000000001
RSP=0x00007fee681e6c78, RBP=0x00007fee681e6ce8, RSI=0x00007fee681e6c8c, RDI=0x0000000000000001
R8 =0x0000000000000000, R9 =0x000000000000000b, R10=0x00007feec7331b98, R11=0x00007feedcc91220
R12=0x0000000000000000, R13=0x00007feec44d5478, R14=0x00007fee681e6d08, R15=0x00007fee5ca06000
RIP=0x00007fee7ecb0180, EFLAGS=0x0000000000010202, CSGSFS=0x0000000000000033, ERR=0x0000000000000014
  TRAPNO=0x000000000000000e

Top of Stack: (sp=0x00007fee681e6c78)
0x00007fee681e6c78:   00007fee7f348a11 00007fee681e6ce8
0x00007fee681e6c88:   00007feec7331944 0000000000020a10
0x00007fee681e6c98:   00007feec7331bc4 0000000000000000
0x00007fee681e6ca8:   00007fee681e6ca8 00007feec44d5478
0x00007fee681e6cb8:   00007fee681e6d08 00007feec44d6958
0x00007fee681e6cc8:   0000000000000000 00007feec44d5478
0x00007fee681e6cd8:   0000000000000000 00007fee681e6d08
0x00007fee681e6ce8:   00007fee681e6d50 00007feec731c450
0x00007fee681e6cf8:   00000000c28fc2b8 00007feec7328516
0x00007fee681e6d08:   0000000000000001 00007fee681e6d10
0x00007fee681e6d18:   00007feec44d53d1 00007fee681e6d60
0x00007fee681e6d28:   00007feec44d6958 0000000000000000
0x00007fee681e6d38:   00007feec44d53f0 00007fee681e6d08
0x00007fee681e6d48:   00007fee681e6d68 00007fee681e6db0
0x00007fee681e6d58:   00007feec731c450 0000000000000000
0x00007fee681e6d68:   00000000ec34a4f8 00007fee681e6d70
0x00007fee681e6d78:   00007feec43c02cd 00007fee681e6df0
0x00007fee681e6d88:   00007fee6871e5b8 0000000000000000
0x00007fee681e6d98:   00007feec43c0358 00007fee681e6d68
0x00007fee681e6da8:   00007fee681e6dd8 00007fee681e6e38
0x00007fee681e6db8:   00007feec731ca0d 00000000ec4d2558
0x00007fee681e6dc8:   0000000000008280 0000000000020a00
0x00007fee681e6dd8:   0000000000005622 0000000000000002
0x00007fee681e6de8:   00000000ec4e8360 00000000ec34a4f8
0x00007fee681e6df8:   00007fee681e6df8 00007feec43c2f79
0x00007fee681e6e08:   00007fee681e6e98 00007fee6871ea48
0x00007fee681e6e18:   0000000000000000 00007feec43c3058
0x00007fee681e6e28:   00007fee681e6dd8 00007fee681e6e88
0x00007fee681e6e38:   00007fee681e6f00 00007feec73154e7
0x00007fee681e6e48:   0000000000000000 0000000000000000
0x00007fee681e6e58:   0000000000000002 0000000000005622
0x00007fee681e6e68:   00000000ec3b8000 00000000ec3b7f58 

Instructions: (pc=0x00007fee7ecb0180)
0x00007fee7ecb0160:   
[error occurred during error reporting (printing registers, top of stack, instructions near pc), id 0xb]

Register to memory mapping:

RAX=0x00007fee7f348a00: Java_org_lwjgl_openal_AL10_nalGenBuffers2+0 in /tmp/libgdxxand/d13da6b9/liblwjgl64.so at 0x00007fee7f307000
RBX={method} {0x00007feec44d5478} 'nalGenBuffers2' '(I)I' in 'org/lwjgl/openal/AL10'
RCX=0x00007feed80081b0 is an unknown value
RDX=0x0000000000000001 is an unknown value
RSP=0x00007fee681e6c78 is pointing into the stack for thread: 0x00007fee5ca06000
RBP=0x00007fee681e6ce8 is pointing into the stack for thread: 0x00007fee5ca06000
RSI=0x00007fee681e6c8c is pointing into the stack for thread: 0x00007fee5ca06000
RDI=0x0000000000000001 is an unknown value
R8 =0x0000000000000000 is an unknown value
R9 =0x000000000000000b is an unknown value
R10=0x00007feec7331b98 is at code_begin+1528 in an Interpreter codelet
method entry point (kind = native)  [0x00007feec73315a0, 0x00007feec73324e0]  3904 bytes
R11=0x00007feedcc91220: <offset 0x97d220> in /usr/lib/jvm/java-8-oracle/jre/lib/amd64/server/libjvm.so at 0x00007feedc314000
R12=0x0000000000000000 is an unknown value
R13={method} {0x00007feec44d5478} 'nalGenBuffers2' '(I)I' in 'org/lwjgl/openal/AL10'
R14=0x00007fee681e6d08 is pointing into the stack for thread: 0x00007fee5ca06000
R15=0x00007fee5ca06000 is a thread


Stack: [0x00007fee680e8000,0x00007fee681e9000],  sp=0x00007fee681e6c78,  free space=1019k
Native frames: (J=compiled Java code, j=interpreted, Vv=VM code, C=native code)
C  0x00007fee7ecb0180
j  org.lwjgl.openal.AL10.alGenBuffers()I+1
j  com.badlogic.gdx.backends.openal.OpenALSound.setup([BII)V+77
j  com.badlogic.gdx.backends.openal.Mp3$Sound.<init>(Lcom/badlogic/gdx/backends/openal/OpenALAudio;Lcom/badlogic/gdx/files/FileHandle;)V+169
v  ~StubRoutines::call_stub
V  [libjvm.so+0x663ce6]  JavaCalls::call_helper(JavaValue*, methodHandle*, JavaCallArguments*, Thread*)+0x1056
V  [libjvm.so+0x958377]  Reflection::invoke(instanceKlassHandle, methodHandle, Handle, bool, objArrayHandle, BasicType, objArrayHandle, bool, Thread*)+0x5d7
V  [libjvm.so+0x958fb3]  Reflection::invoke_constructor(oopDesc*, objArrayHandle, Thread*)+0x313
V  [libjvm.so+0x6ea11a]  JVM_NewInstanceFromConstructor+0x10a
j  sun.reflect.NativeConstructorAccessorImpl.newInstance0(Ljava/lang/reflect/Constructor;[Ljava/lang/Object;)Ljava/lang/Object;+0
j  sun.reflect.NativeConstructorAccessorImpl.newInstance([Ljava/lang/Object;)Ljava/lang/Object;+85
j  sun.reflect.DelegatingConstructorAccessorImpl.newInstance([Ljava/lang/Object;)Ljava/lang/Object;+5
j  java.lang.reflect.Constructor.newInstance([Ljava/lang/Object;)Ljava/lang/Object;+79
j  com.badlogic.gdx.backends.openal.OpenALAudio.newSound(Lcom/badlogic/gdx/files/FileHandle;)Lcom/badlogic/gdx/backends/openal/OpenALSound;+95
j  com.badlogic.gdx.backends.openal.OpenALAudio.newSound(Lcom/badlogic/gdx/files/FileHandle;)Lcom/badlogic/gdx/audio/Sound;+2
j  com.manager.ResourceManager$1.run()V+28
j  java.util.concurrent.ThreadPoolExecutor.runWorker(Ljava/util/concurrent/ThreadPoolExecutor$Worker;)V+95
j  java.util.concurrent.ThreadPoolExecutor$Worker.run()V+5
j  java.lang.Thread.run()V+11
v  ~StubRoutines::call_stub
V  [libjvm.so+0x663ce6]  JavaCalls::call_helper(JavaValue*, methodHandle*, JavaCallArguments*, Thread*)+0x1056
V  [libjvm.so+0x6641f1]  JavaCalls::call_virtual(JavaValue*, KlassHandle, Symbol*, Symbol*, JavaCallArguments*, Thread*)+0x321
V  [libjvm.so+0x664697]  JavaCalls::call_virtual(JavaValue*, Handle, KlassHandle, Symbol*, Symbol*, Thread*)+0x47
V  [libjvm.so+0x6f1990]  thread_entry(JavaThread*, Thread*)+0xa0
V  [libjvm.so+0xa2990f]  JavaThread::thread_main_inner()+0xdf
V  [libjvm.so+0xa29a3c]  JavaThread::run()+0x11c
V  [libjvm.so+0x8e75f8]  java_start(Thread*)+0x108
C  [libpthread.so.0+0x8182]  start_thread+0xc2

Java frames: (J=compiled Java code, j=interpreted, Vv=VM code)
j  org.lwjgl.openal.AL10.nalGenBuffers2(I)I+0
j  org.lwjgl.openal.AL10.alGenBuffers()I+1
j  com.badlogic.gdx.backends.openal.OpenALSound.setup([BII)V+77
j  com.badlogic.gdx.backends.openal.Mp3$Sound.<init>(Lcom/badlogic/gdx/backends/openal/OpenALAudio;Lcom/badlogic/gdx/files/FileHandle;)V+169
v  ~StubRoutines::call_stub
j  sun.reflect.NativeConstructorAccessorImpl.newInstance0(Ljava/lang/reflect/Constructor;[Ljava/lang/Object;)Ljava/lang/Object;+0
j  sun.reflect.NativeConstructorAccessorImpl.newInstance([Ljava/lang/Object;)Ljava/lang/Object;+85
j  sun.reflect.DelegatingConstructorAccessorImpl.newInstance([Ljava/lang/Object;)Ljava/lang/Object;+5
j  java.lang.reflect.Constructor.newInstance([Ljava/lang/Object;)Ljava/lang/Object;+79
j  com.badlogic.gdx.backends.openal.OpenALAudio.newSound(Lcom/badlogic/gdx/files/FileHandle;)Lcom/badlogic/gdx/backends/openal/OpenALSound;+95
j  com.badlogic.gdx.backends.openal.OpenALAudio.newSound(Lcom/badlogic/gdx/files/FileHandle;)Lcom/badlogic/gdx/audio/Sound;+2
j  com.manager.ResourceManager$1.run()V+28
j  java.util.concurrent.ThreadPoolExecutor.runWorker(Ljava/util/concurrent/ThreadPoolExecutor$Worker;)V+95
j  java.util.concurrent.ThreadPoolExecutor$Worker.run()V+5
j  java.lang.Thread.run()V+11
v  ~StubRoutines::call_stub

---------------  P R O C E S S  ---------------

Java Threads: ( => current thread )
  0x00007fee5ce5b000 JavaThread "XToolkt-Shutdown-Thread" [_thread_in_native, id=3668, stack(0x00007fee7c6d3000,0x00007fee7c7d4000)]
  0x00007fee5ca09000 JavaThread "General ThreadPool-2" [_thread_in_Java, id=3665, stack(0x00007fee53eff000,0x00007fee54000000)]
=>0x00007fee5ca06000 JavaThread "General ThreadPool-1" [_thread_in_native, id=3663, stack(0x00007fee680e8000,0x00007fee681e9000)]
  0x00007fee5c873000 JavaThread "Physics thread" [_thread_blocked, id=3661, stack(0x00007fee687e9000,0x00007fee688ea000)]
  0x00007fee5c010800 JavaThread "process reaper" daemon [_thread_blocked, id=3657, stack(0x00007feec0032000,0x00007feec006b000)]
  0x00007fee5c007000 JavaThread "process reaper" daemon [_thread_blocked, id=3652, stack(0x00007feec006b000,0x00007feec00a4000)]
  0x00007feed800c000 JavaThread "DestroyJavaVM" [_thread_blocked, id=3596, stack(0x00007feeddd8e000,0x00007feedde8f000)]
  0x00007feed8540800 JavaThread "LWJGL Application" [_thread_blocked, id=3649, stack(0x00007fee7c5d2000,0x00007fee7c6d3000)]
  0x00007feed82ba800 JavaThread "AWT-XAWT" daemon [_thread_in_native, id=3637, stack(0x00007fee7f775000,0x00007fee7f876000)]
  0x00007feed829d000 JavaThread "Java2D Disposer" daemon [_thread_blocked, id=3635, stack(0x00007fee7fc86000,0x00007fee7fd87000)]
  0x00007feed80d9800 JavaThread "Service Thread" daemon [_thread_blocked, id=3627, stack(0x00007feec2061000,0x00007feec2162000)]
  0x00007feed80c4800 JavaThread "C1 CompilerThread2" daemon [_thread_blocked, id=3623, stack(0x00007feec2162000,0x00007feec2263000)]
  0x00007feed80c2800 JavaThread "C2 CompilerThread1" daemon [_thread_in_native, id=3618, stack(0x00007feec2263000,0x00007feec2364000)]
  0x00007feed80bf800 JavaThread "C2 CompilerThread0" daemon [_thread_in_native, id=3617, stack(0x00007feec2364000,0x00007feec2465000)]
  0x00007fee98001000 JavaThread "JDWP Command Reader" daemon [_thread_in_native, id=3615, stack(0x00007feec2465000,0x00007feec2566000)]
  0x00007feed80bd800 JavaThread "JDWP Event Helper Thread" daemon [_thread_blocked, id=3614, stack(0x00007feec2566000,0x00007feec2667000)]
  0x00007feed80ba000 JavaThread "JDWP Transport Listener: dt_socket" daemon [_thread_blocked, id=3612, stack(0x00007feec2667000,0x00007feec2768000)]
  0x00007feed80ac800 JavaThread "Signal Dispatcher" daemon [_thread_blocked, id=3609, stack(0x00007feec296c000,0x00007feec2a6d000)]
  0x00007feed807e800 JavaThread "Finalizer" daemon [_thread_blocked, id=3607, stack(0x00007feec2a6d000,0x00007feec2b6e000)]
  0x00007feed807c800 JavaThread "Reference Handler" daemon [_thread_blocked, id=3606, stack(0x00007feec2b6e000,0x00007feec2c6f000)]

Other Threads:
  0x00007feed8075800 VMThread [stack: 0x00007feec2c6f000,0x00007feec2d70000] [id=3604]
  0x00007feed80dc800 WatcherThread [stack: 0x00007feec1f60000,0x00007feec2061000] [id=3629]

VM state:not at safepoint (normal execution)

VM Mutex/Monitor currently owned by a thread: None

Heap:
 PSYoungGen      total 18432K, used 14143K [0x00000000eb800000, 0x00000000edc00000, 0x0000000100000000)
  eden space 15872K, 87% used [0x00000000eb800000,0x00000000ec588d80,0x00000000ec780000)
  from space 2560K, 11% used [0x00000000ec780000,0x00000000ec7c7120,0x00000000eca00000)
  to   space 2560K, 0% used [0x00000000ed980000,0x00000000ed980000,0x00000000edc00000)
 ParOldGen       total 42496K, used 18405K [0x00000000c2800000, 0x00000000c5180000, 0x00000000eb800000)
  object space 42496K, 43% used [0x00000000c2800000,0x00000000c39f97c0,0x00000000c5180000)
 Metaspace       used 13099K, capacity 13276K, committed 13440K, reserved 1060864K
  class space    used 1316K, capacity 1375K, committed 1408K, reserved 1048576K

Card table byte_map: [0x00007feec6d68000,0x00007feec6f55000] byte_map_base: 0x00007feec6754000

Marking Bits: (ParMarkBitMap*) 0x00007feedd26bac0
 Begin Bits: [0x00007feec495c000, 0x00007feec58bc000)
 End Bits:   [0x00007feec58bc000, 0x00007feec681c000)

Polling page: 0x00007feeddeb2000

CodeCache: size=245760Kb used=4871Kb max_used=4894Kb free=240888Kb
 bounds [0x00007feec7315000, 0x00007feec77f5000, 0x00007feed6315000]
 total_blobs=1812 nmethods=1209 adapters=526
 compilation: enabled

Compilation events (10 events):
Event: 3,662 Thread 0x00007feed80bf800 nmethod 1201 0x00007feec77c1510 code [0x00007feec77c1760, 0x00007feec77c32c8]
Event: 3,662 Thread 0x00007feed80bf800 1212       4       javazoom.jl.decoder.Bitstream::parse_frame (149 bytes)
Event: 3,690 Thread 0x00007feed80bf800 nmethod 1212 0x00007feec77be850 code [0x00007feec77be9c0, 0x00007feec77bf098]
Event: 3,690 Thread 0x00007feed80bf800 1123 %     4       javazoom.jl.decoder.LayerIIIDecoder::dequantize_sample @ 148 (1019 bytes)
Event: 3,892 Thread 0x00007feed80c2800 nmethod 1187% 0x00007feec77d0490 code [0x00007feec77d0be0, 0x00007feec77d4f48]
Event: 3,892 Thread 0x00007feed80c2800 1102       4       javazoom.jl.decoder.LayerIIIDecoder::inv_mdct (2339 bytes)
Event: 4,014 Thread 0x00007feed80c2800 nmethod 1102 0x00007feec77cc1d0 code [0x00007feec77cc780, 0x00007feec77cdd38]
Event: 4,014 Thread 0x00007feed80c2800 1218       4       javazoom.jl.decoder.LayerIIIDecoder::decode (572 bytes)
Event: 4,065 Thread 0x00007feed80bf800 nmethod 1123% 0x00007feec77de1d0 code [0x00007feec77de580, 0x00007feec77e3238]
Event: 4,065 Thread 0x00007feed80bf800 1106 %     4       javazoom.jl.decoder.LayerIIIDecoder::hybrid @ 19 (904 bytes)

GC Heap History (8 events):
Event: 1,797 GC heap before
{Heap before GC invocations=1 (full 0):
 PSYoungGen      total 18432K, used 15872K [0x00000000eb800000, 0x00000000ecc80000, 0x0000000100000000)
  eden space 15872K, 100% used [0x00000000eb800000,0x00000000ec780000,0x00000000ec780000)
  from space 2560K, 0% used [0x00000000eca00000,0x00000000eca00000,0x00000000ecc80000)
  to   space 2560K, 0% used [0x00000000ec780000,0x00000000ec780000,0x00000000eca00000)
 ParOldGen       total 42496K, used 0K [0x00000000c2800000, 0x00000000c5180000, 0x00000000eb800000)
  object space 42496K, 0% used [0x00000000c2800000,0x00000000c2800000,0x00000000c5180000)
 Metaspace       used 8989K, capacity 9152K, committed 9472K, reserved 1058816K
  class space    used 885K, capacity 921K, committed 1024K, reserved 1048576K
Event: 1,808 GC heap after
Heap after GC invocations=1 (full 0):
 PSYoungGen      total 18432K, used 2548K [0x00000000eb800000, 0x00000000ecc80000, 0x0000000100000000)
  eden space 15872K, 0% used [0x00000000eb800000,0x00000000eb800000,0x00000000ec780000)
  from space 2560K, 99% used [0x00000000ec780000,0x00000000ec9fd1a8,0x00000000eca00000)
  to   space 2560K, 0% used [0x00000000eca00000,0x00000000eca00000,0x00000000ecc80000)
 ParOldGen       total 42496K, used 1338K [0x00000000c2800000, 0x00000000c5180000, 0x00000000eb800000)
  object space 42496K, 3% used [0x00000000c2800000,0x00000000c294e870,0x00000000c5180000)
 Metaspace       used 8989K, capacity 9152K, committed 9472K, reserved 1058816K
  class space    used 885K, capacity 921K, committed 1024K, reserved 1048576K
}
Event: 2,862 GC heap before
{Heap before GC invocations=2 (full 0):
 PSYoungGen      total 18432K, used 15687K [0x00000000eb800000, 0x00000000ecc80000, 0x0000000100000000)
  eden space 15872K, 82% used [0x00000000eb800000,0x00000000ec4d4b30,0x00000000ec780000)
  from space 2560K, 99% used [0x00000000ec780000,0x00000000ec9fd1a8,0x00000000eca00000)
  to   space 2560K, 0% used [0x00000000eca00000,0x00000000eca00000,0x00000000ecc80000)
 ParOldGen       total 42496K, used 1338K [0x00000000c2800000, 0x00000000c5180000, 0x00000000eb800000)
  object space 42496K, 3% used [0x00000000c2800000,0x00000000c294e870,0x00000000c5180000)
 Metaspace       used 13033K, capacity 13150K, committed 13440K, reserved 1060864K
  class space    used 1310K, capacity 1376K, committed 1408K, reserved 1048576K
Event: 2,873 GC heap after
Heap after GC invocations=2 (full 0):
 PSYoungGen      total 18432K, used 2543K [0x00000000eb800000, 0x00000000ecc80000, 0x0000000100000000)
  eden space 15872K, 0% used [0x00000000eb800000,0x00000000eb800000,0x00000000ec780000)
  from space 2560K, 99% used [0x00000000eca00000,0x00000000ecc7bd20,0x00000000ecc80000)
  to   space 2560K, 0% used [0x00000000ec780000,0x00000000ec780000,0x00000000eca00000)
 ParOldGen       total 42496K, used 5166K [0x00000000c2800000, 0x00000000c5180000, 0x00000000eb800000)
  object space 42496K, 12% used [0x00000000c2800000,0x00000000c2d0b918,0x00000000c5180000)
 Metaspace       used 13033K, capacity 13150K, committed 13440K, reserved 1060864K
  class space    used 1310K, capacity 1376K, committed 1408K, reserved 1048576K
}
Event: 2,873 GC heap before
{Heap before GC invocations=3 (full 1):
 PSYoungGen      total 18432K, used 2543K [0x00000000eb800000, 0x00000000ecc80000, 0x0000000100000000)
  eden space 15872K, 0% used [0x00000000eb800000,0x00000000eb800000,0x00000000ec780000)
  from space 2560K, 99% used [0x00000000eca00000,0x00000000ecc7bd20,0x00000000ecc80000)
  to   space 2560K, 0% used [0x00000000ec780000,0x00000000ec780000,0x00000000eca00000)
 ParOldGen       total 42496K, used 5166K [0x00000000c2800000, 0x00000000c5180000, 0x00000000eb800000)
  object space 42496K, 12% used [0x00000000c2800000,0x00000000c2d0b918,0x00000000c5180000)
 Metaspace       used 13033K, capacity 13150K, committed 13440K, reserved 1060864K
  class space    used 1310K, capacity 1376K, committed 1408K, reserved 1048576K
Event: 2,908 GC heap after
Heap after GC invocations=3 (full 1):
 PSYoungGen      total 18432K, used 0K [0x00000000eb800000, 0x00000000ecc80000, 0x0000000100000000)
  eden space 15872K, 0% used [0x00000000eb800000,0x00000000eb800000,0x00000000ec780000)
  from space 2560K, 0% used [0x00000000eca00000,0x00000000eca00000,0x00000000ecc80000)
  to   space 2560K, 0% used [0x00000000ec780000,0x00000000ec780000,0x00000000eca00000)
 ParOldGen       total 42496K, used 6109K [0x00000000c2800000, 0x00000000c5180000, 0x00000000eb800000)
  object space 42496K, 14% used [0x00000000c2800000,0x00000000c2df7790,0x00000000c5180000)
 Metaspace       used 13031K, capacity 13148K, committed 13440K, reserved 1060864K
  class space    used 1309K, capacity 1375K, committed 1408K, reserved 1048576K
}
Event: 3,576 GC heap before
{Heap before GC invocations=4 (full 1):
 PSYoungGen      total 18432K, used 15174K [0x00000000eb800000, 0x00000000ecc80000, 0x0000000100000000)
  eden space 15872K, 95% used [0x00000000eb800000,0x00000000ec6d1ad0,0x00000000ec780000)
  from space 2560K, 0% used [0x00000000eca00000,0x00000000eca00000,0x00000000ecc80000)
  to   space 2560K, 0% used [0x00000000ec780000,0x00000000ec780000,0x00000000eca00000)
 ParOldGen       total 42496K, used 6109K [0x00000000c2800000, 0x00000000c5180000, 0x00000000eb800000)
  object space 42496K, 14% used [0x00000000c2800000,0x00000000c2df7790,0x00000000c5180000)
 Metaspace       used 13065K, capacity 13212K, committed 13440K, reserved 1060864K
  class space    used 1311K, capacity 1375K, committed 1408K, reserved 1048576K
Event: 3,587 GC heap after
Heap after GC invocations=4 (full 1):
 PSYoungGen      total 18432K, used 284K [0x00000000eb800000, 0x00000000edc00000, 0x0000000100000000)
  eden space 15872K, 0% used [0x00000000eb800000,0x00000000eb800000,0x00000000ec780000)
  from space 2560K, 11% used [0x00000000ec780000,0x00000000ec7c7120,0x00000000eca00000)
  to   space 2560K, 0% used [0x00000000ed980000,0x00000000ed980000,0x00000000edc00000)
 ParOldGen       total 42496K, used 18405K [0x00000000c2800000, 0x00000000c5180000, 0x00000000eb800000)
  object space 42496K, 43% used [0x00000000c2800000,0x00000000c39f97c0,0x00000000c5180000)
 Metaspace       used 13065K, capacity 13212K, committed 13440K, reserved 1060864K
  class space    used 1311K, capacity 1375K, committed 1408K, reserved 1048576K
}

Deoptimization events (0 events):
No events

Internal exceptions (10 events):
Event: 2,798 Thread 0x00007feed8540800 Exception <a 'java/security/PrivilegedActionException'> (0x00000000ec2a4798) thrown at [/HUDSON/workspace/8-2-build-linux-amd64/jdk8u20/1074/hotspot/src/share/vm/prims/jvm.cpp, line 1275]
Event: 2,801 Thread 0x00007feed8540800 Exception <a 'java/security/PrivilegedActionException'> (0x00000000ec2ab000) thrown at [/HUDSON/workspace/8-2-build-linux-amd64/jdk8u20/1074/hotspot/src/share/vm/prims/jvm.cpp, line 1275]
Event: 2,807 Thread 0x00007feed8540800 Exception <a 'java/security/PrivilegedActionException'> (0x00000000ec2b13c8) thrown at [/HUDSON/workspace/8-2-build-linux-amd64/jdk8u20/1074/hotspot/src/share/vm/prims/jvm.cpp, line 1275]
Event: 2,809 Thread 0x00007feed8540800 Exception <a 'java/security/PrivilegedActionException'> (0x00000000ec2b5c48) thrown at [/HUDSON/workspace/8-2-build-linux-amd64/jdk8u20/1074/hotspot/src/share/vm/prims/jvm.cpp, line 1275]
Event: 2,813 Thread 0x00007feed8540800 Exception <a 'java/security/PrivilegedActionException'> (0x00000000ec2babc0) thrown at [/HUDSON/workspace/8-2-build-linux-amd64/jdk8u20/1074/hotspot/src/share/vm/prims/jvm.cpp, line 1275]
Event: 2,937 Thread 0x00007feed8540800 Exception <a 'java/security/PrivilegedActionException'> (0x00000000eb828238) thrown at [/HUDSON/workspace/8-2-build-linux-amd64/jdk8u20/1074/hotspot/src/share/vm/prims/jvm.cpp, line 1275]
Event: 2,944 Thread 0x00007feed8540800 Exception <a 'java/security/PrivilegedActionException'> (0x00000000eb842a08) thrown at [/HUDSON/workspace/8-2-build-linux-amd64/jdk8u20/1074/hotspot/src/share/vm/prims/jvm.cpp, line 1275]
Event: 2,949 Thread 0x00007feed8540800 Exception <a 'java/security/PrivilegedActionException'> (0x00000000eb85d3c8) thrown at [/HUDSON/workspace/8-2-build-linux-amd64/jdk8u20/1074/hotspot/src/share/vm/prims/jvm.cpp, line 1275]
Event: 3,713 Thread 0x00007feed8540800 Exception <a 'java/security/PrivilegedActionException'> (0x00000000eba21578) thrown at [/HUDSON/workspace/8-2-build-linux-amd64/jdk8u20/1074/hotspot/src/share/vm/prims/jvm.cpp, line 1275]
Event: 3,716 Thread 0x00007feed8540800 Exception <a 'java/security/PrivilegedActionException'> (0x00000000eba25c88) thrown at [/HUDSON/workspace/8-2-build-linux-amd64/jdk8u20/1074/hotspot/src/share/vm/prims/jvm.cpp, line 1275]

Events (10 events):
Event: 4,066 Thread 0x00007fee5ca09000 DEOPT PACKING pc=0x00007feec772ca3b sp=0x00007fee53ffdc10
Event: 4,066 Thread 0x00007fee5ca09000 DEOPT UNPACKING pc=0x00007feec735c373 sp=0x00007fee53ffd968 mode 0
Event: 4,069 Thread 0x00007fee5ca09000 DEOPT PACKING pc=0x00007feec772ca3b sp=0x00007fee53ffdc10
Event: 4,069 Thread 0x00007fee5ca09000 DEOPT UNPACKING pc=0x00007feec735c373 sp=0x00007fee53ffd968 mode 0
Event: 4,069 Thread 0x00007fee5ca09000 DEOPT PACKING pc=0x00007feec7730d8e sp=0x00007fee53ffdbd0
Event: 4,069 Thread 0x00007fee5ca09000 DEOPT UNPACKING pc=0x00007feec735c373 sp=0x00007fee53ffd918 mode 0
Event: 4,071 Thread 0x00007fee5ca09000 DEOPT PACKING pc=0x00007feec772ca3b sp=0x00007fee53ffdc10
Event: 4,071 Thread 0x00007fee5ca09000 DEOPT UNPACKING pc=0x00007feec735c373 sp=0x00007fee53ffd968 mode 0
Event: 4,074 Thread 0x00007fee5ca09000 DEOPT PACKING pc=0x00007feec772ca3b sp=0x00007fee53ffdc10
Event: 4,074 Thread 0x00007fee5ca09000 DEOPT UNPACKING pc=0x00007feec735c373 sp=0x00007fee53ffd968 mode 0


Dynamic libraries:
00400000-00401000 r-xp 00000000 08:01 8786436                            /usr/lib/jvm/java-8-oracle/bin/java
00600000-00601000 rw-p 00000000 08:01 8786436                            /usr/lib/jvm/java-8-oracle/bin/java
01262000-01283000 rw-p 00000000 00:00 0                                  [heap]
c2800000-c5180000 rw-p 00000000 00:00 0 
c5180000-eb800000 ---p 00000000 00:00 0 
eb800000-edc00000 rw-p 00000000 00:00 0 
edc00000-100000000 ---p 00000000 00:00 0 
100000000-100160000 rw-p 00000000 00:00 0 
100160000-140000000 ---p 00000000 00:00 0 
7fee48000000-7fee48765000 rw-p 00000000 00:00 0 
7fee48765000-7fee4c000000 ---p 00000000 00:00 0 
7fee4c000000-7fee4c8fa000 rw-p 00000000 00:00 0 
7fee4c8fa000-7fee50000000 ---p 00000000 00:00 0 
7fee53eff000-7fee53f02000 ---p 00000000 00:00 0 
7fee53f02000-7fee54000000 rw-p 00000000 00:00 0                          [stack:3665]
7fee54000000-7fee54021000 rw-p 00000000 00:00 0 
7fee54021000-7fee58000000 ---p 00000000 00:00 0 
7fee58000000-7fee58021000 rw-p 00000000 00:00 0 
7fee58021000-7fee5c000000 ---p 00000000 00:00 0 
7fee5c000000-7fee5d084000 rw-p 00000000 00:00 0 
7fee5d084000-7fee60000000 ---p 00000000 00:00 0 
7fee60000000-7fee60021000 rw-p 00000000 00:00 0 
7fee60021000-7fee64000000 ---p 00000000 00:00 0 
7fee64000000-7fee64021000 rw-p 00000000 00:00 0 
7fee64021000-7fee68000000 ---p 00000000 00:00 0 
7fee680e8000-7fee680eb000 ---p 00000000 00:00 0 
7fee680eb000-7fee681e9000 rw-p 00000000 00:00 0                          [stack:3663]
7fee681e9000-7fee685e9000 rw-s 11b96f000 00:05 10129                     /dev/nvidia0
7fee685e9000-7fee687a9000 rw-p 00000000 00:00 0 
7fee687a9000-7fee687e9000 ---p 00000000 00:00 0 
7fee687e9000-7fee687ec000 ---p 00000000 00:00 0 
7fee687ec000-7fee68aea000 rw-p 00000000 00:00 0                          [stack:3661]
7fee68aea000-7fee68cea000 rw-s 145953000 00:05 10129                     /dev/nvidia0
7fee68cea000-7fee68d87000 r-xp 00000000 08:01 5243047                    /tmp/libgdxxand/5cea4a7f/libgdx-freetype64.so
7fee68d87000-7fee68f86000 ---p 0009d000 08:01 5243047                    /tmp/libgdxxand/5cea4a7f/libgdx-freetype64.so
7fee68f86000-7fee68f8c000 r--p 0009c000 08:01 5243047                    /tmp/libgdxxand/5cea4a7f/libgdx-freetype64.so
7fee68f8c000-7fee68f8d000 rw-p 000a2000 08:01 5243047                    /tmp/libgdxxand/5cea4a7f/libgdx-freetype64.so
7fee68f8d000-7fee6918d000 rw-s aa4db000 00:05 10129                      /dev/nvidia0
7fee6918d000-7fee6938d000 rw-s ab05a000 00:05 10129                      /dev/nvidia0
7fee6938d000-7fee6958d000 rw-s ab25f000 00:05 10129                      /dev/nvidia0
7fee6958d000-7fee6968d000 rw-s aa79a000 00:05 10129                      /dev/nvidia0
7fee6968d000-7fee696ad000 rw-s b00a0000 00:05 10129                      /dev/nvidia0
7fee696ad000-7fee696ed000 rw-s 69050000 00:05 10129                      /dev/nvidia0
7fee696ed000-7fee6972d000 rw-s 35a7a000 00:05 10129                      /dev/nvidia0
7fee6972d000-7fee697f1000 rw-s 148a04000 00:05 10129                     /dev/nvidia0
7fee697f1000-7fee6b358000 r-xp 00000000 08:01 8786513                    /usr/lib/nvidia-331/libnvidia-glcore.so.331.38
7fee6b358000-7fee6b557000 ---p 01b67000 08:01 8786513                    /usr/lib/nvidia-331/libnvidia-glcore.so.331.38
7fee6b557000-7fee6bfe3000 rwxp 01b66000 08:01 8786513                    /usr/lib/nvidia-331/libnvidia-glcore.so.331.38
7fee6bfe3000-7fee6bfff000 rwxp 00000000 00:00 0 
7fee70000000-7fee70021000 rw-p 00000000 00:00 0 
7fee70021000-7fee74000000 ---p 00000000 00:00 0 
7fee74000000-7fee74021000 rw-p 00000000 00:00 0 
7fee74021000-7fee78000000 ---p 00000000 00:00 0 
7fee78000000-7fee78021000 rw-p 00000000 00:00 0 
7fee78021000-7fee7c000000 ---p 00000000 00:00 0 
7fee7c000000-7fee7c01c000 r--s 00393000 08:01 9179046                    /usr/lib/jvm/java-8-oracle/jre/lib/ext/cldrdata.jar
7fee7c01c000-7fee7c03c000 rw-s 36a78000 00:05 10129                      /dev/nvidia0
7fee7c03c000-7fee7c05c000 rw-s 69124000 00:05 10129                      /dev/nvidia0
7fee7c05c000-7fee7c09c000 rw-s aaeb6000 00:05 10129                      /dev/nvidia0
7fee7c09c000-7fee7c09f000 r-xp 00000000 08:01 8914955                    /usr/lib/nvidia-331/tls/libnvidia-tls.so.331.38
7fee7c09f000-7fee7c29e000 ---p 00003000 08:01 8914955                    /usr/lib/nvidia-331/tls/libnvidia-tls.so.331.38
7fee7c29e000-7fee7c29f000 rw-p 00002000 08:01 8914955                    /usr/lib/nvidia-331/tls/libnvidia-tls.so.331.38
7fee7c29f000-7fee7c37c000 r-xp 00000000 08:01 8786517                    /usr/lib/nvidia-331/libGL.so.331.38
7fee7c37c000-7fee7c57b000 ---p 000dd000 08:01 8786517                    /usr/lib/nvidia-331/libGL.so.331.38
7fee7c57b000-7fee7c5bb000 rwxp 000dc000 08:01 8786517                    /usr/lib/nvidia-331/libGL.so.331.38
7fee7c5bb000-7fee7c5d2000 rwxp 00000000 00:00 0 
7fee7c5d2000-7fee7c5d5000 ---p 00000000 00:00 0 
7fee7c5d5000-7fee7c6d3000 rw-p 00000000 00:00 0                          [stack:3649]
7fee7c6d3000-7fee7c6d6000 ---p 00000000 00:00 0 
7fee7c6d6000-7fee7c7d4000 rw-p 00000000 00:00 0                          [stack:3668]
7fee7c7d4000-7fee7c7d5000 ---p 00000000 00:00 0 
7fee7c7d5000-7fee7cfd5000 rw-p 00000000 00:00 0 
7fee7cfd5000-7fee7cfec000 r-xp 00000000 08:01 6295515                    /lib/x86_64-linux-gnu/libresolv-2.19.so
7fee7cfec000-7fee7d1ec000 ---p 00017000 08:01 6295515                    /lib/x86_64-linux-gnu/libresolv-2.19.so
7fee7d1ec000-7fee7d1ed000 r--p 00017000 08:01 6295515                    /lib/x86_64-linux-gnu/libresolv-2.19.so
7fee7d1ed000-7fee7d1ee000 rw-p 00018000 08:01 6295515                    /lib/x86_64-linux-gnu/libresolv-2.19.so
7fee7d1ee000-7fee7d1f0000 rw-p 00000000 00:00 0 
7fee7d1f0000-7fee7d1f7000 r-xp 00000000 08:01 6561837                    /usr/lib/x86_64-linux-gnu/libogg.so.0.8.1
7fee7d1f7000-7fee7d3f7000 ---p 00007000 08:01 6561837                    /usr/lib/x86_64-linux-gnu/libogg.so.0.8.1
7fee7d3f7000-7fee7d3f8000 r--p 00007000 08:01 6561837                    /usr/lib/x86_64-linux-gnu/libogg.so.0.8.1
7fee7d3f8000-7fee7d3f9000 rw-p 00008000 08:01 6561837                    /usr/lib/x86_64-linux-gnu/libogg.so.0.8.1
7fee7d3f9000-7fee7d425000 r-xp 00000000 08:01 6562115                    /usr/lib/x86_64-linux-gnu/libvorbis.so.0.4.5
7fee7d425000-7fee7d624000 ---p 0002c000 08:01 6562115                    /usr/lib/x86_64-linux-gnu/libvorbis.so.0.4.5
7fee7d624000-7fee7d625000 r--p 0002b000 08:01 6562115                    /usr/lib/x86_64-linux-gnu/libvorbis.so.0.4.5
7fee7d625000-7fee7d626000 rw-p 0002c000 08:01 6562115                    /usr/lib/x86_64-linux-gnu/libvorbis.so.0.4.5
7fee7d626000-7fee7d8d9000 r-xp 00000000 08:01 6562117                    /usr/lib/x86_64-linux-gnu/libvorbisenc.so.2.0.8
7fee7d8d9000-7fee7dad8000 ---p 002b3000 08:01 6562117                    /usr/lib/x86_64-linux-gnu/libvorbisenc.so.2.0.8
7fee7dad8000-7fee7daf4000 r--p 002b2000 08:01 6562117                    /usr/lib/x86_64-linux-gnu/libvorbisenc.so.2.0.8
7fee7daf4000-7fee7daf5000 rw-p 002ce000 08:01 6562117                    /usr/lib/x86_64-linux-gnu/libvorbisenc.so.2.0.8
7fee7daf5000-7fee7db24000 r-xp 00000000 08:01 6560977                    /usr/lib/x86_64-linux-gnu/libFLAC.so.8.3.0
7fee7db24000-7fee7dd24000 ---p 0002f000 08:01 6560977                    /usr/lib/x86_64-linux-gnu/libFLAC.so.8.3.0
7fee7dd24000-7fee7dd25000 r--p 0002f000 08:01 6560977                    /usr/lib/x86_64-linux-gnu/libFLAC.so.8.3.0
7fee7dd25000-7fee7dd26000 rw-p 00030000 08:01 6560977                    /usr/lib/x86_64-linux-gnu/libFLAC.so.8.3.0
7fee7dd26000-7fee7dd2b000 r-xp 00000000 08:01 6561208                    /usr/lib/x86_64-linux-gnu/libasyncns.so.0.3.1
7fee7dd2b000-7fee7df2a000 ---p 00005000 08:01 6561208                    /usr/lib/x86_64-linux-gnu/libasyncns.so.0.3.1
7fee7df2a000-7fee7df2b000 r--p 00004000 08:01 6561208                    /usr/lib/x86_64-linux-gnu/libasyncns.so.0.3.1
7fee7df2b000-7fee7df2c000 rw-p 00005000 08:01 6561208                    /usr/lib/x86_64-linux-gnu/libasyncns.so.0.3.1
7fee7df2c000-7fee7df8d000 r-xp 00000000 08:01 6561994                    /usr/lib/x86_64-linux-gnu/libsndfile.so.1.0.25
7fee7df8d000-7fee7e18d000 ---p 00061000 08:01 6561994                    /usr/lib/x86_64-linux-gnu/libsndfile.so.1.0.25
7fee7e18d000-7fee7e18f000 r--p 00061000 08:01 6561994                    /usr/lib/x86_64-linux-gnu/libsndfile.so.1.0.25
7fee7e18f000-7fee7e190000 rw-p 00063000 08:01 6561994                    /usr/lib/x86_64-linux-gnu/libsndfile.so.1.0.25
7fee7e190000-7fee7e194000 rw-p 00000000 00:00 0 
7fee7e194000-7fee7e19c000 r-xp 00000000 08:01 6295590                    /lib/x86_64-linux-gnu/libwrap.so.0.7.6
7fee7e19c000-7fee7e39b000 ---p 00008000 08:01 6295590                    /lib/x86_64-linux-gnu/libwrap.so.0.7.6
7fee7e39b000-7fee7e39c000 r--p 00007000 08:01 6295590                    /lib/x86_64-linux-gnu/libwrap.so.0.7.6
7fee7e39c000-7fee7e39d000 rw-p 00008000 08:01 6295590                    /lib/x86_64-linux-gnu/libwrap.so.0.7.6
7fee7e39d000-7fee7e39e000 rw-p 00000000 00:00 0 
7fee7e39e000-7fee7e3e2000 r-xp 00000000 08:01 6291630                    /lib/x86_64-linux-gnu/libdbus-1.so.3.7.6
7fee7e3e2000-7fee7e5e1000 ---p 00044000 08:01 6291630                    /lib/x86_64-linux-gnu/libdbus-1.so.3.7.6
7fee7e5e1000-7fee7e5e2000 r--p 00043000 08:01 6291630                    /lib/x86_64-linux-gnu/libdbus-1.so.3.7.6
7fee7e5e2000-7fee7e5e3000 rw-p 00044000 08:01 6291630                    /lib/x86_64-linux-gnu/libdbus-1.so.3.7.6
7fee7e5e3000-7fee7e649000 r-xp 00000000 08:01 6948808                    /usr/lib/x86_64-linux-gnu/pulseaudio/libpulsecommon-4.0.so
7fee7e649000-7fee7e848000 ---p 00066000 08:01 6948808                    /usr/lib/x86_64-linux-gnu/pulseaudio/libpulsecommon-4.0.so
7fee7e848000-7fee7e849000 r--p 00065000 08:01 6948808                    /usr/lib/x86_64-linux-gnu/pulseaudio/libpulsecommon-4.0.so
7fee7e849000-7fee7e84a000 rw-p 00066000 08:01 6948808                    /usr/lib/x86_64-linux-gnu/pulseaudio/libpulsecommon-4.0.so
7fee7e84a000-7fee7e854000 r-xp 00000000 08:01 6295470                    /lib/x86_64-linux-gnu/libjson-c.so.2.0.0
7fee7e854000-7fee7ea53000 ---p 0000a000 08:01 6295470                    /lib/x86_64-linux-gnu/libjson-c.so.2.0.0
7fee7ea53000-7fee7ea54000 r--p 00009000 08:01 6295470                    /lib/x86_64-linux-gnu/libjson-c.so.2.0.0
7fee7ea54000-7fee7ea55000 rw-p 0000a000 08:01 6295470                    /lib/x86_64-linux-gnu/libjson-c.so.2.0.0
7fee7ea55000-7fee7ea9c000 r-xp 00000000 08:01 6561906                    /usr/lib/x86_64-linux-gnu/libpulse.so.0.16.2
7fee7ea9c000-7fee7ec9c000 ---p 00047000 08:01 6561906                    /usr/lib/x86_64-linux-gnu/libpulse.so.0.16.2
7fee7ec9c000-7fee7ec9d000 r--p 00047000 08:01 6561906                    /usr/lib/x86_64-linux-gnu/libpulse.so.0.16.2
7fee7ec9d000-7fee7ec9e000 rw-p 00048000 08:01 6561906                    /usr/lib/x86_64-linux-gnu/libpulse.so.0.16.2
7fee7eef7000-7fee7eefb000 r-xp 00000000 08:01 6561169                    /usr/lib/x86_64-linux-gnu/libXxf86vm.so.1.0.0
7fee7eefb000-7fee7f0fb000 ---p 00004000 08:01 6561169                    /usr/lib/x86_64-linux-gnu/libXxf86vm.so.1.0.0
7fee7f0fb000-7fee7f0fc000 r--p 00004000 08:01 6561169                    /usr/lib/x86_64-linux-gnu/libXxf86vm.so.1.0.0
7fee7f0fc000-7fee7f0fd000 rw-p 00005000 08:01 6561169                    /usr/lib/x86_64-linux-gnu/libXxf86vm.so.1.0.0
7fee7f0fd000-7fee7f106000 r-xp 00000000 08:01 6561151                    /usr/lib/x86_64-linux-gnu/libXrandr.so.2.2.0
7fee7f106000-7fee7f305000 ---p 00009000 08:01 6561151                    /usr/lib/x86_64-linux-gnu/libXrandr.so.2.2.0
7fee7f305000-7fee7f306000 r--p 00008000 08:01 6561151                    /usr/lib/x86_64-linux-gnu/libXrandr.so.2.2.0
7fee7f306000-7fee7f307000 rw-p 00009000 08:01 6561151                    /usr/lib/x86_64-linux-gnu/libXrandr.so.2.2.0
7fee7f307000-7fee7f371000 r-xp 00000000 08:01 5243043                    /tmp/libgdxxand/d13da6b9/liblwjgl64.so
7fee7f371000-7fee7f571000 ---p 0006a000 08:01 5243043                    /tmp/libgdxxand/d13da6b9/liblwjgl64.so
7fee7f571000-7fee7f573000 r--p 0006a000 08:01 5243043                    /tmp/libgdxxand/d13da6b9/liblwjgl64.so
7fee7f573000-7fee7f574000 rw-p 0006c000 08:01 5243043                    /tmp/libgdxxand/d13da6b9/liblwjgl64.so
7fee7f574000-7fee7f575000 r-xp 00000000 08:01 9179030                    /usr/lib/jvm/java-8-oracle/jre/lib/amd64/libjawt.so
7fee7f575000-7fee7f774000 ---p 00001000 08:01 9179030                    /usr/lib/jvm/java-8-oracle/jre/lib/amd64/libjawt.so
7fee7f774000-7fee7f775000 rw-p 00000000 08:01 9179030                    /usr/lib/jvm/java-8-oracle/jre/lib/amd64/libjawt.so
7fee7f775000-7fee7f778000 ---p 00000000 00:00 0 
7fee7f778000-7fee7f876000 rw-p 00000000 00:00 0                          [stack:3637]
7fee7f876000-7fee7f87b000 r-xp 00000000 08:01 6561133                    /usr/lib/x86_64-linux-gnu/libXfixes.so.3.1.0
7fee7f87b000-7fee7fa7a000 ---p 00005000 08:01 6561133                    /usr/lib/x86_64-linux-gnu/libXfixes.so.3.1.0
7fee7fa7a000-7fee7fa7b000 r--p 00004000 08:01 6561133                    /usr/lib/x86_64-linux-gnu/libXfixes.so.3.1.0
7fee7fa7b000-7fee7fa7c000 rw-p 00005000 08:01 6561133                    /usr/lib/x86_64-linux-gnu/libXfixes.so.3.1.0
7fee7fa7c000-7fee7fa85000 r-xp 00000000 08:01 6561125                    /usr/lib/x86_64-linux-gnu/libXcursor.so.1.0.2
7fee7fa85000-7fee7fc84000 ---p 00009000 08:01 6561125                    /usr/lib/x86_64-linux-gnu/libXcursor.so.1.0.2
7fee7fc84000-7fee7fc85000 r--p 00008000 08:01 6561125                    /usr/lib/x86_64-linux-gnu/libXcursor.so.1.0.2
7fee7fc85000-7fee7fc86000 rw-p 00009000 08:01 6561125                    /usr/lib/x86_64-linux-gnu/libXcursor.so.1.0.2
7fee7fc86000-7fee7fc89000 ---p 00000000 00:00 0 
7fee7fc89000-7fee7fd87000 rw-p 00000000 00:00 0                          [stack:3635]
7fee7fd87000-7fee7fdec000 r-xp 00000000 08:01 9178987                    /usr/lib/jvm/java-8-oracle/jre/lib/amd64/libfontmanager.so
7fee7fdec000-7fee7ffeb000 ---p 00065000 08:01 9178987                    /usr/lib/jvm/java-8-oracle/jre/lib/amd64/libfontmanager.so
7fee7ffeb000-7fee7ffef000 rw-p 00064000 08:01 9178987                    /usr/lib/jvm/java-8-oracle/jre/lib/amd64/libfontmanager.so
7fee7ffef000-7fee80000000 rw-p 00000000 00:00 0 
7fee80000000-7fee80021000 rw-p 00000000 00:00 0 
7fee80021000-7fee84000000 ---p 00000000 00:00 0 
7fee84000000-7fee84021000 rw-p 00000000 00:00 0 
7fee84021000-7fee88000000 ---p 00000000 00:00 0 
7fee88000000-7fee88cf7000 rw-p 00000000 00:00 0 
7fee88cf7000-7fee8c000000 ---p 00000000 00:00 0 
7fee8c000000-7fee8c3a1000 rw-p 00000000 00:00 0 
7fee8c3a1000-7fee90000000 ---p 00000000 00:00 0 
7fee90000000-7fee90021000 rw-p 00000000 00:00 0 
7fee90021000-7fee94000000 ---p 00000000 00:00 0 
7fee94000000-7fee94569000 rw-p 00000000 00:00 0 
7fee94569000-7fee98000000 ---p 00000000 00:00 0 
7fee98000000-7fee98021000 rw-p 00000000 00:00 0 
7fee98021000-7fee9c000000 ---p 00000000 00:00 0 
7fee9c000000-7fee9c021000 rw-p 00000000 00:00 0 
7fee9c021000-7feea0000000 ---p 00000000 00:00 0 
7feea0000000-7feea0021000 rw-p 00000000 00:00 0 
7feea0021000-7feea4000000 ---p 00000000 00:00 0 
7feea4000000-7feea4021000 rw-p 00000000 00:00 0 
7feea4021000-7feea8000000 ---p 00000000 00:00 0 
7feea8000000-7feea807d000 rw-p 00000000 00:00 0 
7feea807d000-7feeac000000 ---p 00000000 00:00 0 
7feeac000000-7feeac021000 rw-p 00000000 00:00 0 
7feeac021000-7feeb0000000 ---p 00000000 00:00 0 
7feeb0000000-7feeb0021000 rw-p 00000000 00:00 0 
7feeb0021000-7feeb4000000 ---p 00000000 00:00 0 
7feeb4000000-7feeb4021000 rw-p 00000000 00:00 0 
7feeb4021000-7feeb8000000 ---p 00000000 00:00 0 
7feeb8000000-7feeb8021000 rw-p 00000000 00:00 0 
7feeb8021000-7feebc000000 ---p 00000000 00:00 0 
7feebc000000-7feebc021000 rw-p 00000000 00:00 0 
7feebc021000-7feec0000000 ---p 00000000 00:00 0 
7feec0000000-7feec000a000 r--s 00116000 08:01 9179041                    /usr/lib/jvm/java-8-oracle/jre/lib/ext/localedata.jar
7feec000a000-7feec000b000 rw-p 00000000 00:00 0 
7feec000b000-7feec0012000 rw-s a9c91000 00:05 10129                      /dev/nvidia0
7feec0032000-7feec0035000 ---p 00000000 00:00 0 
7feec0035000-7feec006b000 rw-p 00000000 00:00 0                          [stack:3657]
7feec006b000-7feec006e000 ---p 00000000 00:00 0 
7feec006e000-7feec00a4000 rw-p 00000000 00:00 0                          [stack:3652]
7feec00a4000-7feec00d3000 r--p 00000000 08:01 8400821                    /usr/share/locale-langpack/ru/LC_MESSAGES/libc.mo
7feec00d3000-7feec00d8000 r-xp 00000000 08:01 6561129                    /usr/lib/x86_64-linux-gnu/libXdmcp.so.6.0.0
7feec00d8000-7feec02d7000 ---p 00005000 08:01 6561129                    /usr/lib/x86_64-linux-gnu/libXdmcp.so.6.0.0
7feec02d7000-7feec02d8000 r--p 00004000 08:01 6561129                    /usr/lib/x86_64-linux-gnu/libXdmcp.so.6.0.0
7feec02d8000-7feec02d9000 rw-p 00005000 08:01 6561129                    /usr/lib/x86_64-linux-gnu/libXdmcp.so.6.0.0
7feec02d9000-7feec02db000 r-xp 00000000 08:01 6561118                    /usr/lib/x86_64-linux-gnu/libXau.so.6.0.0
7feec02db000-7feec04db000 ---p 00002000 08:01 6561118                    /usr/lib/x86_64-linux-gnu/libXau.so.6.0.0
7feec04db000-7feec04dc000 r--p 00002000 08:01 6561118                    /usr/lib/x86_64-linux-gnu/libXau.so.6.0.0
7feec04dc000-7feec04dd000 rw-p 00003000 08:01 6561118                    /usr/lib/x86_64-linux-gnu/libXau.so.6.0.0
7feec04dd000-7feec04fa000 r-xp 00000000 08:01 6562188                    /usr/lib/x86_64-linux-gnu/libxcb.so.1.1.0
7feec04fa000-7feec06fa000 ---p 0001d000 08:01 6562188                    /usr/lib/x86_64-linux-gnu/libxcb.so.1.1.0
7feec06fa000-7feec06fb000 r--p 0001d000 08:01 6562188                    /usr/lib/x86_64-linux-gnu/libxcb.so.1.1.0
7feec06fb000-7feec06fc000 rw-p 0001e000 08:01 6562188                    /usr/lib/x86_64-linux-gnu/libxcb.so.1.1.0
7feec06fc000-7feec070b000 r-xp 00000000 08:01 6561139                    /usr/lib/x86_64-linux-gnu/libXi.so.6.1.0
7feec070b000-7feec090a000 ---p 0000f000 08:01 6561139                    /usr/lib/x86_64-linux-gnu/libXi.so.6.1.0
7feec090a000-7feec090b000 r--p 0000e000 08:01 6561139                    /usr/lib/x86_64-linux-gnu/libXi.so.6.1.0
7feec090b000-7feec090c000 rw-p 0000f000 08:01 6561139                    /usr/lib/x86_64-linux-gnu/libXi.so.6.1.0
7feec090c000-7feec0911000 r-xp 00000000 08:01 6561159                    /usr/lib/x86_64-linux-gnu/libXtst.so.6.1.0
7feec0911000-7feec0b10000 ---p 00005000 08:01 6561159                    /usr/lib/x86_64-linux-gnu/libXtst.so.6.1.0
7feec0b10000-7feec0b11000 r--p 00004000 08:01 6561159                    /usr/lib/x86_64-linux-gnu/libXtst.so.6.1.0
7feec0b11000-7feec0b12000 rw-p 00005000 08:01 6561159                    /usr/lib/x86_64-linux-gnu/libXtst.so.6.1.0
7feec0b12000-7feec0b1b000 r-xp 00000000 08:01 6561153                    /usr/lib/x86_64-linux-gnu/libXrender.so.1.3.0
7feec0b1b000-7feec0d1a000 ---p 00009000 08:01 6561153                    /usr/lib/x86_64-linux-gnu/libXrender.so.1.3.0
7feec0d1a000-7feec0d1b000 r--p 00008000 08:01 6561153                    /usr/lib/x86_64-linux-gnu/libXrender.so.1.3.0
7feec0d1b000-7feec0d1c000 rw-p 00009000 08:01 6561153                    /usr/lib/x86_64-linux-gnu/libXrender.so.1.3.0
7feec0d1c000-7feec0e4c000 r-xp 00000000 08:01 6561114                    /usr/lib/x86_64-linux-gnu/libX11.so.6.3.0
7feec0e4c000-7feec104c000 ---p 00130000 08:01 6561114                    /usr/lib/x86_64-linux-gnu/libX11.so.6.3.0
7feec104c000-7feec104d000 r--p 00130000 08:01 6561114                    /usr/lib/x86_64-linux-gnu/libX11.so.6.3.0
7feec104d000-7feec1051000 rw-p 00131000 08:01 6561114                    /usr/lib/x86_64-linux-gnu/libX11.so.6.3.0
7feec1051000-7feec1062000 r-xp 00000000 08:01 6561131                    /usr/lib/x86_64-linux-gnu/libXext.so.6.4.0
7feec1062000-7feec1261000 ---p 00011000 08:01 6561131                    /usr/lib/x86_64-linux-gnu/libXext.so.6.4.0
7feec1261000-7feec1262000 r--p 00010000 08:01 6561131                    /usr/lib/x86_64-linux-gnu/libXext.so.6.4.0
7feec1262000-7feec1263000 rw-p 00011000 08:01 6561131                    /usr/lib/x86_64-linux-gnu/libXext.so.6.4.0
7feec1263000-7feec12b7000 r-xp 00000000 08:01 9178982                    /usr/lib/jvm/java-8-oracle/jre/lib/amd64/libawt_xawt.so
7feec12b7000-7feec14b7000 ---p 00054000 08:01 9178982                    /usr/lib/jvm/java-8-oracle/jre/lib/amd64/libawt_xawt.so
7feec14b7000-7feec14bb000 rw-p 00054000 08:01 9178982                    /usr/lib/jvm/java-8-oracle/jre/lib/amd64/libawt_xawt.so
7feec14bb000-7feec14bc000 rw-p 00000000 00:00 0 
7feec14bc000-7feec155e000 r-xp 00000000 08:01 9178988                    /usr/lib/jvm/java-8-oracle/jre/lib/amd64/libawt.so
7feec155e000-7feec175e000 ---p 000a2000 08:01 9178988                    /usr/lib/jvm/java-8-oracle/jre/lib/amd64/libawt.so
7feec175e000-7feec176a000 rw-p 000a2000 08:01 9178988                    /usr/lib/jvm/java-8-oracle/jre/lib/amd64/libawt.so
7feec176a000-7feec178e000 rw-p 00000000 00:00 0 
7feec178e000-7feec17a4000 r-xp 00000000 08:01 6291475                    /lib/x86_64-linux-gnu/libgcc_s.so.1
7feec17a4000-7feec19a3000 ---p 00016000 08:01 6291475                    /lib/x86_64-linux-gnu/libgcc_s.so.1
7feec19a3000-7feec19a4000 rw-p 00015000 08:01 6291475                    /lib/x86_64-linux-gnu/libgcc_s.so.1
7feec19a4000-7feec1a8a000 r-xp 00000000 08:01 6562024                    /usr/lib/x86_64-linux-gnu/libstdc++.so.6.0.19
7feec1a8a000-7feec1c89000 ---p 000e6000 08:01 6562024                    /usr/lib/x86_64-linux-gnu/libstdc++.so.6.0.19
7feec1c89000-7feec1c91000 r--p 000e5000 08:01 6562024                    /usr/lib/x86_64-linux-gnu/libstdc++.so.6.0.19
7feec1c91000-7feec1c93000 rw-p 000ed000 08:01 6562024                    /usr/lib/x86_64-linux-gnu/libstdc++.so.6.0.19
7feec1c93000-7feec1caa000 rw-p 00000000 00:00 0 
7feec1caa000-7feec1cab000 rw-p 00000000 00:00 0 
7feec1cab000-7feec1cac000 rw-s a9c90000 00:05 10129                      /dev/nvidia0
7feec1cac000-7feec1cb0000 rw-s 35f86000 00:05 10129                      /dev/nvidia0
7feec1cb0000-7feec1cb1000 rw-s bff68000 00:05 10129                      /dev/nvidia0
7feec1cb1000-7feec1cb2000 rw-s bff67000 00:05 10129                      /dev/nvidia0
7feec1cb2000-7feec1cb3000 rw-s bff66000 00:05 10129                      /dev/nvidia0
7feec1cb3000-7feec1cc8000 r--p 00000000 08:01 8399295                    /usr/share/locale-langpack/ru/LC_MESSAGES/pulseaudio.mo
7feec1cc8000-7feec1d34000 r-xp 00000000 08:01 5243041                    /tmp/libgdxxand/83c3ff60/libgdx64.so
7feec1d34000-7feec1f34000 ---p 0006c000 08:01 5243041                    /tmp/libgdxxand/83c3ff60/libgdx64.so
7feec1f34000-7feec1f36000 r--p 0006c000 08:01 5243041                    /tmp/libgdxxand/83c3ff60/libgdx64.so
7feec1f36000-7feec1f37000 rw-p 0006e000 08:01 5243041                    /tmp/libgdxxand/83c3ff60/libgdx64.so
7feec1f37000-7feec1f38000 rw-p 00000000 00:00 0 
7feec1f38000-7feec1f4a000 r--s 00126000 08:01 27788473                   /home/xand/git/zombies/desktop/libs/gdx-backend-lwjgl.jar
7feec1f4a000-7feec1f60000 r--s 00144000 08:01 27788400                   /home/xand/git/zombies/core/libs/gdx.jar
7feec1f60000-7feec1f61000 ---p 00000000 00:00 0 
7feec1f61000-7feec2061000 rw-p 00000000 00:00 0                          [stack:3629]
7feec2061000-7feec2064000 ---p 00000000 00:00 0 
7feec2064000-7feec2162000 rw-p 00000000 00:00 0                          [stack:3627]
7feec2162000-7feec2165000 ---p 00000000 00:00 0 
7feec2165000-7feec2263000 rw-p 00000000 00:00 0                          [stack:3623]
7feec2263000-7feec2266000 ---p 00000000 00:00 0 
7feec2266000-7feec2364000 rw-p 00000000 00:00 0                          [stack:3618]
7feec2364000-7feec2367000 ---p 00000000 00:00 0 
7feec2367000-7feec2465000 rw-p 00000000 00:00 0                          [stack:3617]
7feec2465000-7feec2468000 ---p 00000000 00:00 0 
7feec2468000-7feec2566000 rw-p 00000000 00:00 0                          [stack:3615]
7feec2566000-7feec2569000 ---p 00000000 00:00 0 
7feec2569000-7feec2667000 rw-p 00000000 00:00 0                          [stack:3614]
7feec2667000-7feec266a000 ---p 00000000 00:00 0 
7feec266a000-7feec2768000 rw-p 00000000 00:00 0                          [stack:3612]
7feec2768000-7feec276c000 r-xp 00000000 08:01 9178997                    /usr/lib/jvm/java-8-oracle/jre/lib/amd64/libdt_socket.so
7feec276c000-7feec296b000 ---p 00004000 08:01 9178997                    /usr/lib/jvm/java-8-oracle/jre/lib/amd64/libdt_socket.so
7feec296b000-7feec296c000 rw-p 00003000 08:01 9178997                    /usr/lib/jvm/java-8-oracle/jre/lib/amd64/libdt_socket.so
7feec296c000-7feec296f000 ---p 00000000 00:00 0 
7feec296f000-7feec2a6d000 rw-p 00000000 00:00 0                          [stack:3609]
7feec2a6d000-7feec2a70000 ---p 00000000 00:00 0 
7feec2a70000-7feec2b6e000 rw-p 00000000 00:00 0                          [stack:3607]
7feec2b6e000-7feec2b71000 ---p 00000000 00:00 0 
7feec2b71000-7feec2c6f000 rw-p 00000000 00:00 0                          [stack:3606]
7feec2c6f000-7feec2c70000 ---p 00000000 00:00 0 
7feec2c70000-7feec3d24000 rw-p 00000000 00:00 0                          [stack:3604]
7feec3d24000-7feec3efa000 r--s 03ca8000 08:01 8786473                    /usr/lib/jvm/java-8-oracle/jre/lib/rt.jar
7feec3efa000-7feec681c000 rw-p 00000000 00:00 0 
7feec681c000-7feec681d000 ---p 00000000 00:00 0 
7feec681d000-7feec691d000 rw-p 00000000 00:00 0                          [stack:3603]
7feec691d000-7feec691e000 ---p 00000000 00:00 0 
7feec691e000-7feec6a1e000 rw-p 00000000 00:00 0                          [stack:3602]
7feec6a1e000-7feec6a1f000 ---p 00000000 00:00 0 
7feec6a1f000-7feec6b1f000 rw-p 00000000 00:00 0                          [stack:3601]
7feec6b1f000-7feec6b20000 ---p 00000000 00:00 0 
7feec6b20000-7feec6c35000 rw-p 00000000 00:00 0                          [stack:3600]
7feec6c35000-7feec6d68000 ---p 00000000 00:00 0 
7feec6d68000-7feec6d7d000 rw-p 00000000 00:00 0 
7feec6d7d000-7feec6eb0000 ---p 00000000 00:00 0 
7feec6eb0000-7feec6ec2000 rw-p 00000000 00:00 0 
7feec6ec2000-7feec6f54000 ---p 00000000 00:00 0 
7feec6f54000-7feec6f69000 rw-p 00000000 00:00 0 
7feec6f69000-7feec7315000 ---p 00000000 00:00 0 
7feec7315000-7feec77f5000 rwxp 00000000 00:00 0 
7feec77f5000-7feed6315000 ---p 00000000 00:00 0 
7feed6315000-7feed632f000 r-xp 00000000 08:01 9178981                    /usr/lib/jvm/java-8-oracle/jre/lib/amd64/libzip.so
7feed632f000-7feed652f000 ---p 0001a000 08:01 9178981                    /usr/lib/jvm/java-8-oracle/jre/lib/amd64/libzip.so
7feed652f000-7feed6530000 rw-p 0001a000 08:01 9178981                    /usr/lib/jvm/java-8-oracle/jre/lib/amd64/libzip.so
7feed6530000-7feed653b000 r-xp 00000000 08:01 6296025                    /lib/x86_64-linux-gnu/libnss_files-2.19.so
7feed653b000-7feed673a000 ---p 0000b000 08:01 6296025                    /lib/x86_64-linux-gnu/libnss_files-2.19.so
7feed673a000-7feed673b000 r--p 0000a000 08:01 6296025                    /lib/x86_64-linux-gnu/libnss_files-2.19.so
7feed673b000-7feed673c000 rw-p 0000b000 08:01 6296025                    /lib/x86_64-linux-gnu/libnss_files-2.19.so
7feed673c000-7feed6747000 r-xp 00000000 08:01 6296029                    /lib/x86_64-linux-gnu/libnss_nis-2.19.so
7feed6747000-7feed6946000 ---p 0000b000 08:01 6296029                    /lib/x86_64-linux-gnu/libnss_nis-2.19.so
7feed6946000-7feed6947000 r--p 0000a000 08:01 6296029                    /lib/x86_64-linux-gnu/libnss_nis-2.19.so
7feed6947000-7feed6948000 rw-p 0000b000 08:01 6296029                    /lib/x86_64-linux-gnu/libnss_nis-2.19.so
7feed6948000-7feed695f000 r-xp 00000000 08:01 6295566                    /lib/x86_64-linux-gnu/libnsl-2.19.so
7feed695f000-7feed6b5e000 ---p 00017000 08:01 6295566                    /lib/x86_64-linux-gnu/libnsl-2.19.so
7feed6b5e000-7feed6b5f000 r--p 00016000 08:01 6295566                    /lib/x86_64-linux-gnu/libnsl-2.19.so
7feed6b5f000-7feed6b60000 rw-p 00017000 08:01 6295566                    /lib/x86_64-linux-gnu/libnsl-2.19.so
7feed6b60000-7feed6b62000 rw-p 00000000 00:00 0 
7feed6b62000-7feed6b6b000 r-xp 00000000 08:01 6295499                    /lib/x86_64-linux-gnu/libnss_compat-2.19.so
7feed6b6b000-7feed6d6a000 ---p 00009000 08:01 6295499                    /lib/x86_64-linux-gnu/libnss_compat-2.19.so
7feed6d6a000-7feed6d6b000 r--p 00008000 08:01 6295499                    /lib/x86_64-linux-gnu/libnss_compat-2.19.so
7feed6d6b000-7feed6d6c000 rw-p 00009000 08:01 6295499                    /lib/x86_64-linux-gnu/libnss_compat-2.19.so
7feed6d6c000-7feed7580000 r--p 00000000 08:01 6560162                    /usr/lib/locale/locale-archive
7feed7580000-7feed7582000 r-xp 00000000 08:01 9179022                    /usr/lib/jvm/java-8-oracle/jre/lib/amd64/libnpt.so
7feed7582000-7feed7782000 ---p 00002000 08:01 9179022                    /usr/lib/jvm/java-8-oracle/jre/lib/amd64/libnpt.so
7feed7782000-7feed7783000 rw-p 00002000 08:01 9179022                    /usr/lib/jvm/java-8-oracle/jre/lib/amd64/libnpt.so
7feed7783000-7feed77bc000 r-xp 00000000 08:01 9178994                    /usr/lib/jvm/java-8-oracle/jre/lib/amd64/libjdwp.so
7feed77bc000-7feed79bb000 ---p 00039000 08:01 9178994                    /usr/lib/jvm/java-8-oracle/jre/lib/amd64/libjdwp.so
7feed79bb000-7feed79bd000 rw-p 00038000 08:01 9178994                    /usr/lib/jvm/java-8-oracle/jre/lib/amd64/libjdwp.so
7feed79bd000-7feed79e7000 r-xp 00000000 08:01 9179024                    /usr/lib/jvm/java-8-oracle/jre/lib/amd64/libjava.so
7feed79e7000-7feed7be7000 ---p 0002a000 08:01 9179024                    /usr/lib/jvm/java-8-oracle/jre/lib/amd64/libjava.so
7feed7be7000-7feed7be9000 rw-p 0002a000 08:01 9179024                    /usr/lib/jvm/java-8-oracle/jre/lib/amd64/libjava.so
7feed7be9000-7feed7bf6000 r-xp 00000000 08:01 9179029                    /usr/lib/jvm/java-8-oracle/jre/lib/amd64/libverify.so
7feed7bf6000-7feed7df6000 ---p 0000d000 08:01 9179029                    /usr/lib/jvm/java-8-oracle/jre/lib/amd64/libverify.so
7feed7df6000-7feed7df8000 rw-p 0000d000 08:01 9179029                    /usr/lib/jvm/java-8-oracle/jre/lib/amd64/libverify.so
7feed7df8000-7feed7dff000 r-xp 00000000 08:01 6295715                    /lib/x86_64-linux-gnu/librt-2.19.so
7feed7dff000-7feed7ffe000 ---p 00007000 08:01 6295715                    /lib/x86_64-linux-gnu/librt-2.19.so
7feed7ffe000-7feed7fff000 r--p 00006000 08:01 6295715                    /lib/x86_64-linux-gnu/librt-2.19.so
7feed7fff000-7feed8000000 rw-p 00007000 08:01 6295715                    /lib/x86_64-linux-gnu/librt-2.19.so
7feed8000000-7feed854a000 rw-p 00000000 00:00 0 
7feed854a000-7feedc000000 ---p 00000000 00:00 0 
7feedc000000-7feedc001000 rw-s c2641000 00:05 10129                      /dev/nvidia0
7feedc001000-7feedc002000 rw-s a9c8b000 00:05 10129                      /dev/nvidia0
7feedc002000-7feedc009000 r--s 00000000 08:01 6952235                    /usr/lib/x86_64-linux-gnu/gconv/gconv-modules.cache
7feedc009000-7feedc00e000 r--s 002f8000 08:01 8786457                    /usr/lib/jvm/java-8-oracle/jre/lib/charsets.jar
7feedc00e000-7feedc113000 r-xp 00000000 08:01 6295999                    /lib/x86_64-linux-gnu/libm-2.19.so
7feedc113000-7feedc312000 ---p 00105000 08:01 6295999                    /lib/x86_64-linux-gnu/libm-2.19.so
7feedc312000-7feedc313000 r--p 00104000 08:01 6295999                    /lib/x86_64-linux-gnu/libm-2.19.so
7feedc313000-7feedc314000 rw-p 00105000 08:01 6295999                    /lib/x86_64-linux-gnu/libm-2.19.so
7feedc314000-7feedcf7e000 r-xp 00000000 08:01 9179015                    /usr/lib/jvm/java-8-oracle/jre/lib/amd64/server/libjvm.so
7feedcf7e000-7feedd17d000 ---p 00c6a000 08:01 9179015                    /usr/lib/jvm/java-8-oracle/jre/lib/amd64/server/libjvm.so
7feedd17d000-7feedd254000 rw-p 00c69000 08:01 9179015                    /usr/lib/jvm/java-8-oracle/jre/lib/amd64/server/libjvm.so
7feedd254000-7feedd296000 rw-p 00000000 00:00 0 
7feedd296000-7feedd451000 r-xp 00000000 08:01 6295731                    /lib/x86_64-linux-gnu/libc-2.19.so
7feedd451000-7feedd651000 ---p 001bb000 08:01 6295731                    /lib/x86_64-linux-gnu/libc-2.19.so
7feedd651000-7feedd655000 r--p 001bb000 08:01 6295731                    /lib/x86_64-linux-gnu/libc-2.19.so
7feedd655000-7feedd657000 rw-p 001bf000 08:01 6295731                    /lib/x86_64-linux-gnu/libc-2.19.so
7feedd657000-7feedd65c000 rw-p 00000000 00:00 0 
7feedd65c000-7feedd65f000 r-xp 00000000 08:01 6296090                    /lib/x86_64-linux-gnu/libdl-2.19.so
7feedd65f000-7feedd85e000 ---p 00003000 08:01 6296090                    /lib/x86_64-linux-gnu/libdl-2.19.so
7feedd85e000-7feedd85f000 r--p 00002000 08:01 6296090                    /lib/x86_64-linux-gnu/libdl-2.19.so
7feedd85f000-7feedd860000 rw-p 00003000 08:01 6296090                    /lib/x86_64-linux-gnu/libdl-2.19.so
7feedd860000-7feedd875000 r-xp 00000000 08:01 8013027                    /usr/lib/jvm/java-8-oracle/lib/amd64/jli/libjli.so
7feedd875000-7feedda74000 ---p 00015000 08:01 8013027                    /usr/lib/jvm/java-8-oracle/lib/amd64/jli/libjli.so
7feedda74000-7feedda75000 rw-p 00014000 08:01 8013027                    /usr/lib/jvm/java-8-oracle/lib/amd64/jli/libjli.so
7feedda75000-7feedda8e000 r-xp 00000000 08:01 6296093                    /lib/x86_64-linux-gnu/libpthread-2.19.so
7feedda8e000-7feeddc8d000 ---p 00019000 08:01 6296093                    /lib/x86_64-linux-gnu/libpthread-2.19.so
7feeddc8d000-7feeddc8e000 r--p 00018000 08:01 6296093                    /lib/x86_64-linux-gnu/libpthread-2.19.so
7feeddc8e000-7feeddc8f000 rw-p 00019000 08:01 6296093                    /lib/x86_64-linux-gnu/libpthread-2.19.so
7feeddc8f000-7feeddc93000 rw-p 00000000 00:00 0 
7feeddc93000-7feeddcb6000 r-xp 00000000 08:01 6295735                    /lib/x86_64-linux-gnu/ld-2.19.so
7feeddcb6000-7feeddcb7000 rw-s 5fb41000 00:05 10129                      /dev/nvidia0
7feeddcb7000-7feeddcb8000 rw-s c2060000 00:05 10129                      /dev/nvidia0
7feeddcb8000-7feeddcb9000 r--s 001e7000 08:01 27788329                   /home/xand/git/zombies/core/libs/gdx-freetype-natives.jar
7feeddcb9000-7feeddcba000 r--s 00123000 08:01 27788474                   /home/xand/git/zombies/desktop/libs/gdx-natives.jar
7feeddcba000-7feeddcbc000 r--s 0019e000 08:01 27788211                   /home/xand/git/zombies/desktop/libs/gdx-backend-lwjgl-natives.jar
7feeddcbc000-7feeddd8e000 rw-p 00000000 00:00 0 
7feeddd8e000-7feeddd91000 ---p 00000000 00:00 0 
7feeddd91000-7feedde93000 rw-p 00000000 00:00 0                          [stack:3596]
7feedde93000-7feedde94000 r--s 00000000 08:01 27788423                   /home/xand/git/zombies/core/libs/minlog-1.2.jar
7feedde94000-7feedde95000 r--s 00004000 08:01 27788507                   /home/xand/git/zombies/core/libs/gdx-freetype.jar
7feedde95000-7feeddea9000 rw-p 00000000 00:00 0 
7feeddea9000-7feeddeb1000 rw-s 00000000 08:01 5243019                    /tmp/hsperfdata_xand/3589
7feeddeb1000-7feeddeb2000 rw-p 00000000 00:00 0 
7feeddeb2000-7feeddeb3000 r--p 00000000 00:00 0 
7feeddeb3000-7feeddeb5000 rw-p 00000000 00:00 0 
7feeddeb5000-7feeddeb6000 r--p 00022000 08:01 6295735                    /lib/x86_64-linux-gnu/ld-2.19.so
7feeddeb6000-7feeddeb7000 rw-p 00023000 08:01 6295735                    /lib/x86_64-linux-gnu/ld-2.19.so
7feeddeb7000-7feeddeb8000 rw-p 00000000 00:00 0 
7fff67e3b000-7fff67e5c000 rw-p 00000000 00:00 0                          [stack]
7fff67e8f000-7fff67e91000 r-xp 00000000 00:00 0                          [vdso]
ffffffffff600000-ffffffffff601000 r-xp 00000000 00:00 0                  [vsyscall]

VM Arguments:
jvm_args: -agentlib:jdwp=transport=dt_socket,suspend=y,address=localhost:59329 -Dfile.encoding=UTF-8 
java_command: com.me.mygdxgame.Main
java_class_path (initial): /home/xand/git/zombies/desktop/bin:/home/xand/git/zombies/core/bin:/home/xand/git/zombies/core/libs/gdx-freetype.jar:/home/xand/git/zombies/core/libs/gdx.jar:/home/xand/git/zombies/core/libs/minlog-1.2.jar:/home/xand/git/zombies/desktop/libs/gdx-backend-lwjgl-natives.jar:/home/xand/git/zombies/desktop/libs/gdx-backend-lwjgl.jar:/home/xand/git/zombies/desktop/libs/gdx-natives.jar:/home/xand/git/zombies/core/libs/gdx-freetype-natives.jar
Launcher Type: SUN_STANDARD

Environment Variables:
PATH=/usr/local/sbin:/usr/local/bin:/usr/sbin:/usr/bin:/sbin:/bin:/usr/games:/usr/local/games
SHELL=/bin/bash
DISPLAY=:0.0

Signal Handlers:
SIGSEGV: [libjvm.so+0xa77530], sa_mask[0]=11111111011111111101111111111110, sa_flags=SA_RESTART|SA_SIGINFO
SIGBUS: [libjvm.so+0xa77530], sa_mask[0]=11111111011111111101111111111110, sa_flags=SA_RESTART|SA_SIGINFO
SIGFPE: [libjvm.so+0x8e1d90], sa_mask[0]=11111111011111111101111111111110, sa_flags=SA_RESTART|SA_SIGINFO
SIGPIPE: [libjvm.so+0x8e1d90], sa_mask[0]=11111111011111111101111111111110, sa_flags=SA_RESTART|SA_SIGINFO
SIGXFSZ: [libjvm.so+0x8e1d90], sa_mask[0]=11111111011111111101111111111110, sa_flags=SA_RESTART|SA_SIGINFO
SIGILL: [libjvm.so+0x8e1d90], sa_mask[0]=11111111011111111101111111111110, sa_flags=SA_RESTART|SA_SIGINFO
SIGUSR1: SIG_DFL, sa_mask[0]=00000000000000000000000000000000, sa_flags=none
SIGUSR2: [libjvm.so+0x8e35c0], sa_mask[0]=00100000000000000000000000000000, sa_flags=SA_RESTART|SA_SIGINFO
SIGHUP: [libjvm.so+0x8e4980], sa_mask[0]=11111111011111111101111111111110, sa_flags=SA_RESTART|SA_SIGINFO
SIGINT: [libjvm.so+0x8e4980], sa_mask[0]=11111111011111111101111111111110, sa_flags=SA_RESTART|SA_SIGINFO
SIGTERM: [libjvm.so+0x8e4980], sa_mask[0]=11111111011111111101111111111110, sa_flags=SA_RESTART|SA_SIGINFO
SIGQUIT: [libjvm.so+0x8e4980], sa_mask[0]=11111111011111111101111111111110, sa_flags=SA_RESTART|SA_SIGINFO


---------------  S Y S T E M  ---------------

OS:DISTRIB_ID=Ubuntu
DISTRIB_RELEASE=14.04
DISTRIB_CODENAME=trusty
DISTRIB_DESCRIPTION="Ubuntu 14.04.1 LTS"

uname:Linux 3.13.0-34-generic #60-Ubuntu SMP Wed Aug 13 15:45:27 UTC 2014 x86_64
libc:glibc 2.19 NPTL 2.19 
rlimit: STACK 8192k, CORE 0k, NPROC 31311, NOFILE 4096, AS infinity
load average:1,60 1,15 1,26

/proc/meminfo:
MemTotal:        4029444 kB
MemFree:          307976 kB
Buffers:           34280 kB
Cached:           644464 kB
SwapCached:        96120 kB
Active:          2142676 kB
Inactive:        1288104 kB
Active(anon):    1777180 kB
Inactive(anon):   997296 kB
Active(file):     365496 kB
Inactive(file):   290808 kB
Unevictable:          32 kB
Mlocked:              32 kB
SwapTotal:       4172796 kB
SwapFree:        3909560 kB
Dirty:               244 kB
Writeback:             0 kB
AnonPages:       2657248 kB
Mapped:           256680 kB
Shmem:             22440 kB
Slab:             132160 kB
SReclaimable:      95496 kB
SUnreclaim:        36664 kB
KernelStack:        5080 kB
PageTables:        41036 kB
NFS_Unstable:          0 kB
Bounce:                0 kB
WritebackTmp:          0 kB
CommitLimit:     6187516 kB
Committed_AS:    7278388 kB
VmallocTotal:   34359738367 kB
VmallocUsed:      310060 kB
VmallocChunk:   34359422972 kB
HardwareCorrupted:     0 kB
AnonHugePages:   1241088 kB
HugePages_Total:       0
HugePages_Free:        0
HugePages_Rsvd:        0
HugePages_Surp:        0
Hugepagesize:       2048 kB
DirectMap4k:      213248 kB
DirectMap2M:     3962880 kB


CPU:total 4 (2 cores per cpu, 2 threads per core) family 6 model 42 stepping 7, cmov, cx8, fxsr, mmx, sse, sse2, sse3, ssse3, sse4.1, sse4.2, popcnt, avx, clmul, ht, tsc, tscinvbit

/proc/cpuinfo:
processor	: 0
vendor_id	: GenuineIntel
cpu family	: 6
model		: 42
model name	: Intel(R) Core(TM) i3-2310M CPU @ 2.10GHz
stepping	: 7
microcode	: 0x28
cpu MHz		: 2100.000
cache size	: 3072 KB
physical id	: 0
siblings	: 4
core id		: 0
cpu cores	: 2
apicid		: 0
initial apicid	: 0
fpu		: yes
fpu_exception	: yes
cpuid level	: 13
wp		: yes
flags		: fpu vme de pse tsc msr pae mce cx8 apic sep mtrr pge mca cmov pat pse36 clflush dts acpi mmx fxsr sse sse2 ss ht tm pbe syscall nx rdtscp lm constant_tsc arch_perfmon pebs bts rep_good nopl xtopology nonstop_tsc aperfmperf eagerfpu pni pclmulqdq dtes64 monitor ds_cpl vmx est tm2 ssse3 cx16 xtpr pdcm pcid sse4_1 sse4_2 x2apic popcnt tsc_deadline_timer xsave avx lahf_lm arat epb xsaveopt pln pts dtherm tpr_shadow vnmi flexpriority ept vpid
bogomips	: 4190.58
clflush size	: 64
cache_alignment	: 64
address sizes	: 36 bits physical, 48 bits virtual
power management:

processor	: 1
vendor_id	: GenuineIntel
cpu family	: 6
model		: 42
model name	: Intel(R) Core(TM) i3-2310M CPU @ 2.10GHz
stepping	: 7
microcode	: 0x28
cpu MHz		: 2100.000
cache size	: 3072 KB
physical id	: 0
siblings	: 4
core id		: 0
cpu cores	: 2
apicid		: 1
initial apicid	: 1
fpu		: yes
fpu_exception	: yes
cpuid level	: 13
wp		: yes
flags		: fpu vme de pse tsc msr pae mce cx8 apic sep mtrr pge mca cmov pat pse36 clflush dts acpi mmx fxsr sse sse2 ss ht tm pbe syscall nx rdtscp lm constant_tsc arch_perfmon pebs bts rep_good nopl xtopology nonstop_tsc aperfmperf eagerfpu pni pclmulqdq dtes64 monitor ds_cpl vmx est tm2 ssse3 cx16 xtpr pdcm pcid sse4_1 sse4_2 x2apic popcnt tsc_deadline_timer xsave avx lahf_lm arat epb xsaveopt pln pts dtherm tpr_shadow vnmi flexpriority ept vpid
bogomips	: 4190.58
clflush size	: 64
cache_alignment	: 64
address sizes	: 36 bits physical, 48 bits virtual
power management:

processor	: 2
vendor_id	: GenuineIntel
cpu family	: 6
model		: 42
model name	: Intel(R) Core(TM) i3-2310M CPU @ 2.10GHz
stepping	: 7
microcode	: 0x28
cpu MHz		: 2100.000
cache size	: 3072 KB
physical id	: 0
siblings	: 4
core id		: 1
cpu cores	: 2
apicid		: 2
initial apicid	: 2
fpu		: yes
fpu_exception	: yes
cpuid level	: 13
wp		: yes
flags		: fpu vme de pse tsc msr pae mce cx8 apic sep mtrr pge mca cmov pat pse36 clflush dts acpi mmx fxsr sse sse2 ss ht tm pbe syscall nx rdtscp lm constant_tsc arch_perfmon pebs bts rep_good nopl xtopology nonstop_tsc aperfmperf eagerfpu pni pclmulqdq dtes64 monitor ds_cpl vmx est tm2 ssse3 cx16 xtpr pdcm pcid sse4_1 sse4_2 x2apic popcnt tsc_deadline_timer xsave avx lahf_lm arat epb xsaveopt pln pts dtherm tpr_shadow vnmi flexpriority ept vpid
bogomips	: 4190.58
clflush size	: 64
cache_alignment	: 64
address sizes	: 36 bits physical, 48 bits virtual
power management:

processor	: 3
vendor_id	: GenuineIntel
cpu family	: 6
model		: 42
model name	: Intel(R) Core(TM) i3-2310M CPU @ 2.10GHz
stepping	: 7
microcode	: 0x28
cpu MHz		: 2100.000
cache size	: 3072 KB
physical id	: 0
siblings	: 4
core id		: 1
cpu cores	: 2
apicid		: 3
initial apicid	: 3
fpu		: yes
fpu_exception	: yes
cpuid level	: 13
wp		: yes
flags		: fpu vme de pse tsc msr pae mce cx8 apic sep mtrr pge mca cmov pat pse36 clflush dts acpi mmx fxsr sse sse2 ss ht tm pbe syscall nx rdtscp lm constant_tsc arch_perfmon pebs bts rep_good nopl xtopology nonstop_tsc aperfmperf eagerfpu pni pclmulqdq dtes64 monitor ds_cpl vmx est tm2 ssse3 cx16 xtpr pdcm pcid sse4_1 sse4_2 x2apic popcnt tsc_deadline_timer xsave avx lahf_lm arat epb xsaveopt pln pts dtherm tpr_shadow vnmi flexpriority ept vpid
bogomips	: 4190.58
clflush size	: 64
cache_alignment	: 64
address sizes	: 36 bits physical, 48 bits virtual
power management:



Memory: 4k page, physical 4029444k(307976k free), swap 4172796k(3909560k free)

vm_info: Java HotSpot(TM) 64-Bit Server VM (25.20-b23) for linux-amd64 JRE (1.8.0_20-b26), built on Jul 30 2014 13:13:52 by "java_re" with gcc 4.3.0 20080428 (Red Hat 4.3.0-8)

time: Sun Oct 19 17:57:16 2014
elapsed time: 4 seconds (0d 0h 0m 4s)

